[ 2025-08-03 11:13:15,471 ] 1025 httpx - INFO - HTTP Request: GET https://dagshub.com/api/v1/user "HTTP/1.1 200 OK"
[ 2025-08-03 11:13:15,485 ] 107 dagshub - INFO - Accessing as Sebinate
[ 2025-08-03 11:13:15,977 ] 1025 httpx - INFO - HTTP Request: GET https://dagshub.com/api/v1/repos/Sebinate/MLProject-2 "HTTP/1.1 200 OK"
[ 2025-08-03 11:13:16,429 ] 1025 httpx - INFO - HTTP Request: GET https://dagshub.com/api/v1/user "HTTP/1.1 200 OK"
[ 2025-08-03 11:13:16,430 ] 107 dagshub - INFO - Initialized MLflow to track repo "Sebinate/MLProject-2"
[ 2025-08-03 11:13:16,431 ] 107 dagshub - INFO - Repository Sebinate/MLProject-2 initialized!
[ 2025-08-03 11:13:16,431 ] 23 root - INFO - Data Ingestion Config Successfull
[ 2025-08-03 11:13:16,431 ] 100 root - INFO - Exporting Collection to CSV
[ 2025-08-03 11:13:16,686 ] 32 root - INFO - Successfully Connected to MongoDB client
[ 2025-08-03 11:13:16,687 ] 36 root - INFO - Successfully initialized collection
[ 2025-08-03 11:13:18,227 ] 39 root - INFO - Successfully Converted to CSV
[ 2025-08-03 11:13:18,234 ] 103 root - INFO - Exporting to Raw Data
[ 2025-08-03 11:13:18,234 ] 56 root - INFO - Initializing feature store directory
[ 2025-08-03 11:13:18,235 ] 59 root - INFO - Feature store directory successfully created
[ 2025-08-03 11:13:18,276 ] 62 root - INFO - Dataframe exported to CSV in feature_store successfully done
[ 2025-08-03 11:13:18,276 ] 106 root - INFO - Performing Train-Test split
[ 2025-08-03 11:13:18,279 ] 77 root - INFO - Train-Test split successfully created
[ 2025-08-03 11:13:18,279 ] 82 root - INFO - Directory for Train-Test split successfully made
[ 2025-08-03 11:13:18,311 ] 87 root - INFO - Train dataset has successfully been exported at 42 random state and 0.8 train sample size
[ 2025-08-03 11:13:18,319 ] 92 root - INFO - Test dataset has successfully been exported at 42 random state and 0.2 test sample size
[ 2025-08-03 11:13:18,320 ] 109 root - INFO - Storing Artifact directories
[ 2025-08-03 11:13:18,320 ] 11 root - INFO - Reading schema.yml file
[ 2025-08-03 11:13:18,332 ] 103 root - INFO - Loading Train and Test data from artifacts
[ 2025-08-03 11:13:18,367 ] 107 root - INFO - Reading data as pandas dataframe
[ 2025-08-03 11:13:18,367 ] 39 root - INFO - Required no. of columns 31
[ 2025-08-03 11:13:18,367 ] 40 root - INFO - No. of columns in dataframe is 31
[ 2025-08-03 11:13:18,367 ] 39 root - INFO - Required no. of columns 31
[ 2025-08-03 11:13:18,367 ] 40 root - INFO - No. of columns in dataframe is 31
[ 2025-08-03 11:13:18,368 ] 55 root - INFO - Required no. of numerical columns 31
[ 2025-08-03 11:13:18,368 ] 56 root - INFO - No. of columns in dataframe 31
[ 2025-08-03 11:13:18,369 ] 55 root - INFO - Required no. of numerical columns 31
[ 2025-08-03 11:13:18,369 ] 56 root - INFO - No. of columns in dataframe 31
[ 2025-08-03 11:13:18,424 ] 21 root - INFO - Writing yaml file
[ 2025-08-03 11:13:18,468 ] 29 root - INFO - Reading Data
[ 2025-08-03 11:13:18,486 ] 29 root - INFO - Reading Data
[ 2025-08-03 11:13:18,504 ] 56 root - INFO - Successfully Loaded train and test file for data transformation
[ 2025-08-03 11:13:18,506 ] 65 root - INFO - Successfully created inputs and outputs and changed -1 to 0
[ 2025-08-03 11:13:18,506 ] 39 root - INFO - Initialized KNN Imputer with parameters {'missing_values': nan, 'n_neighbors': 3, 'weights': 'uniform'}
[ 2025-08-03 11:13:18,506 ] 44 root - INFO - Suuccessfully initialized pipeline
[ 2025-08-03 11:13:18,510 ] 71 root - INFO - Successfully Transformed X_train and X_test data
[ 2025-08-03 11:13:18,510 ] 75 root - INFO - Successfully concatinated augmented input and output arrays
[ 2025-08-03 11:13:18,517 ] 79 root - INFO - Successfully saved np arrays
[ 2025-08-03 11:13:18,521 ] 82 root - INFO - Successfully saved preprocessor as pkl file
[ 2025-08-03 11:13:18,522 ] 47 root - INFO - Trying to load numpy file
[ 2025-08-03 11:13:18,529 ] 47 root - INFO - Trying to load numpy file
[ 2025-08-03 11:13:18,535 ] 130 root - INFO - Successfully loaded transformed Train and Test data sets
[ 2025-08-03 11:13:18,535 ] 138 root - INFO - Successfully split train and test data sets to input and target
[ 2025-08-03 11:13:18,535 ] 79 root - INFO - Initialized models and parameters
[ 2025-08-03 11:13:18,535 ] 80 root - INFO - Initializing model evaluation and hyper parameter tuning
[ 2025-08-03 11:13:18,631 ] 47 root - INFO - Successfully intialized and fitted X and Y to the grid search cv
[ 2025-08-03 11:13:18,653 ] 51 root - INFO - Successfully intialized Logistic Regression with the best params {}
[ 2025-08-03 11:13:18,671 ] 47 root - INFO - Successfully intialized and fitted X and Y to the grid search cv
[ 2025-08-03 11:13:18,673 ] 51 root - INFO - Successfully intialized Naive Bayes with the best params {}
[ 2025-08-03 11:13:59,511 ] 47 root - INFO - Successfully intialized and fitted X and Y to the grid search cv
[ 2025-08-03 11:14:01,042 ] 51 root - INFO - Successfully intialized Ada Boost with the best params {'learning_rate': 1, 'n_estimators': 400}
[ 2025-08-03 11:17:33,293 ] 47 root - INFO - Successfully intialized and fitted X and Y to the grid search cv
[ 2025-08-03 11:17:36,468 ] 51 root - INFO - Successfully intialized Gradient Boost with the best params {'learning_rate': 0.1, 'max_depth': 10, 'n_estimators': 100}
[ 2025-08-03 11:17:57,774 ] 47 root - INFO - Successfully intialized and fitted X and Y to the grid search cv
[ 2025-08-03 11:17:58,273 ] 51 root - INFO - Successfully intialized Random Forest with the best params {'max_leaf_nodes': None, 'n_estimators': 150}
[ 2025-08-03 11:18:00,874 ] 47 root - INFO - Successfully intialized and fitted X and Y to the grid search cv
[ 2025-08-03 11:18:00,876 ] 51 root - INFO - Successfully intialized K Nearest Neighbors with the best params {'n_neighbors': 5}
[ 2025-08-03 11:18:01,217 ] 47 root - INFO - Successfully intialized and fitted X and Y to the grid search cv
[ 2025-08-03 11:18:01,262 ] 51 root - INFO - Successfully intialized XG Boost with the best params {}
[ 2025-08-03 11:18:01,268 ] 87 root - INFO - Re-predicting on train split on XG Boost with r2 test score of 0.8802155395155778
[ 2025-08-03 11:18:01,314 ] 93 root - INFO - Calling Evaluation report
[ 2025-08-03 11:18:01,323 ] 21 root - INFO - Successfully generated classification metric artifact
[ 2025-08-03 11:18:01,323 ] 96 root - INFO - Re-predicitng on test split
[ 2025-08-03 11:18:01,325 ] 99 root - INFO - Calling Evaluation report
[ 2025-08-03 11:18:01,330 ] 21 root - INFO - Successfully generated classification metric artifact
[ 2025-08-03 11:18:13,155 ] 104 root - INFO - Loading preprocessor file
[ 2025-08-03 11:18:13,155 ] 72 root - INFO - Trying to load pkl file
[ 2025-08-03 11:18:13,164 ] 111 root - INFO - Saving model to pickle file
[ 2025-08-03 11:18:13,167 ] 114 root - INFO - Saving Preprocessing file and Model file to final_model dir
[ 2025-08-03 11:18:13,171 ] 118 root - INFO - Loading model train artifact
